<?xml version="1.0" encoding="UTF-8"?>
<!-- Generated by org.testng.reporters.JUnitReportReporter -->
<testsuite hostname="IN-MU-LT-J27201" name="pom.VerifyLogin" tests="1" failures="0" timestamp="10 Apr 2019 07:07:42 GMT" time="65.053" errors="0">
  <testcase name="validUser" time="65.053" classname="pom.VerifyLogin"/>
</testsuite> <!-- pom.VerifyLogin -->
