<?xml version="1.0" encoding="UTF-8"?>
<!-- Generated by org.testng.reporters.JUnitReportReporter -->
<testsuite hostname="IN-MU-LT-J27201" name="restAPI.UploadDownload" tests="1" failures="0" timestamp="25 Mar 2019 06:37:16 GMT" time="7.281" errors="0">
  <testcase name="DownloadFile" time="7.281" classname="restAPI.UploadDownload"/>
</testsuite> <!-- restAPI.UploadDownload -->
