<?xml version="1.0" encoding="UTF-8"?>
<!-- Generated by org.testng.reporters.JUnitReportReporter -->
<testsuite hostname="IN-MU-LT-J27201" name="restAPI.ExtentReport3" tests="1" failures="0" timestamp="9 Apr 2019 07:21:10 GMT" time="1.163" errors="0">
  <testcase name="loginTest" time="1.163" classname="restAPI.ExtentReport3"/>
</testsuite> <!-- restAPI.ExtentReport3 -->
