<?xml version="1.0" encoding="UTF-8"?>
<!-- Generated by org.testng.reporters.JUnitReportReporter -->
<testsuite hostname="IN-MU-LT-J27201" name="restAPI.ExtentReport1" tests="1" failures="0" timestamp="9 Apr 2019 06:40:26 GMT" time="142.365" errors="0">
  <testcase name="verifySeleniumBlog" time="142.365" classname="restAPI.ExtentReport1"/>
</testsuite> <!-- restAPI.ExtentReport1 -->
