<?xml version="1.0" encoding="UTF-8"?>
<!-- Generated by org.testng.reporters.JUnitReportReporter -->
<testsuite hostname="IN-MU-LT-J27201" name="restAPI.NewTest" tests="1" failures="0" timestamp="1 Mar 2019 09:37:25 GMT" time="0.019" errors="0">
  <testcase name="f" time="0.019" classname="restAPI.NewTest"/>
</testsuite> <!-- restAPI.NewTest -->
