<?xml version="1.0" encoding="UTF-8"?>
<!-- Generated by org.testng.reporters.JUnitReportReporter -->
<testsuite hostname="IN-MU-LT-J27201" name="restAPI.LearnLocators" tests="1" failures="0" timestamp="14 Mar 2019 10:52:36 GMT" time="72.321" errors="0">
  <testcase name="LeranCSS" time="72.321" classname="restAPI.LearnLocators"/>
</testsuite> <!-- restAPI.LearnLocators -->
