<?xml version="1.0" encoding="UTF-8"?>
<!-- Generated by org.testng.reporters.JUnitReportReporter -->
<testsuite hostname="IN-MU-LT-J27201" name="restAPI.ScrollHighlight" tests="2" failures="0" timestamp="25 Mar 2019 12:27:50 GMT" time="14.136" errors="0">
  <testcase name="HighlightElement" time="6.485" classname="restAPI.ScrollHighlight"/>
  <testcase name="ScrollView" time="7.651" classname="restAPI.ScrollHighlight"/>
</testsuite> <!-- restAPI.ScrollHighlight -->
