<?xml version="1.0" encoding="UTF-8"?>
<!-- Generated by org.testng.reporters.JUnitReportReporter -->
<testsuite hostname="IN-MU-LT-J27201" name="learnAuto.ExtentReport3" tests="1" failures="0" timestamp="10 Apr 2019 08:44:15 GMT" time="0.828" errors="0">
  <testcase name="loginTest" time="0.828" classname="learnAuto.ExtentReport3"/>
</testsuite> <!-- learnAuto.ExtentReport3 -->
