<?xml version="1.0" encoding="UTF-8"?>
<!-- Generated by org.testng.reporters.JUnitReportReporter -->
<testsuite hostname="IN-MU-LT-J27201" name="restAPI.BootStrapDD" tests="2" failures="0" timestamp="19 Mar 2019 10:01:11 GMT" time="36.237" errors="0">
  <testcase name="BootStrap" time="27.872" classname="restAPI.BootStrapDD"/>
  <testcase name="GetToolTip" time="8.365" classname="restAPI.BootStrapDD"/>
</testsuite> <!-- restAPI.BootStrapDD -->
