<?xml version="1.0" encoding="UTF-8"?>
<!-- Generated by org.testng.reporters.JUnitReportReporter -->
<testsuite hostname="IN-MU-LT-J27201" name="restAPI.ExcelReadWrite" tests="2" failures="0" timestamp="27 Mar 2019 10:57:36 GMT" time="0.865" errors="0">
  <testcase name="ExcelRead" time="0.688" classname="restAPI.ExcelReadWrite"/>
  <testcase name="ExcelWrite" time="0.177" classname="restAPI.ExcelReadWrite"/>
</testsuite> <!-- restAPI.ExcelReadWrite -->
