<?xml version="1.0" encoding="UTF-8"?>
<!-- Generated by org.testng.reporters.JUnitReportReporter -->
<testsuite hostname="IN-MU-LT-J27201" name="restAPI.ReadCSV" tests="1" failures="0" timestamp="1 Apr 2019 07:15:34 GMT" time="0.049" errors="0">
  <testcase name="ReadCsvFiles" time="0.049" classname="restAPI.ReadCSV"/>
</testsuite> <!-- restAPI.ReadCSV -->
