<?xml version="1.0" encoding="UTF-8"?>
<!-- Generated by org.testng.reporters.JUnitReportReporter -->
<testsuite hostname="IN-MU-LT-J27201" name="restAPI.LearnObjectRep" tests="1" failures="0" timestamp="8 Apr 2019 09:14:07 GMT" time="151.633" errors="0">
  <testcase name="objectRep" time="151.633" classname="restAPI.LearnObjectRep"/>
</testsuite> <!-- restAPI.LearnObjectRep -->
